<?xml version="1.0" encoding="UTF-8"?>
<testsuite xmlns:xsi="http://www.w3.org/2001/XMLSchema-instance" xsi:noNamespaceSchemaLocation="https://maven.apache.org/surefire/maven-surefire-plugin/xsd/surefire-test-report.xsd" name="org.example.AppTest" time="0.038" tests="1" errors="0" skipped="0" failures="0">
  <properties>
    <property name="java.specification.version" value="15"/>
    <property name="sun.cpu.isalist" value="amd64"/>
    <property name="sun.jnu.encoding" value="GBK"/>
    <property name="java.class.path" value="D:\code\idea\HexoToTypecho_meven\target\test-classes;D:\code\idea\HexoToTypecho_meven\target\classes;D:\java\maven3\repository\junit\junit\4.11\junit-4.11.jar;D:\java\maven3\repository\org\hamcrest\hamcrest-core\1.3\hamcrest-core-1.3.jar;D:\java\maven3\repository\mysql\mysql-connector-java\8.0.23\mysql-connector-java-8.0.23.jar;D:\java\maven3\repository\com\google\protobuf\protobuf-java\3.11.4\protobuf-java-3.11.4.jar;D:\java\maven3\repository\c3p0\c3p0\0.9.1.2\c3p0-0.9.1.2.jar;"/>
    <property name="java.vm.vendor" value="Oracle Corporation"/>
    <property name="sun.arch.data.model" value="64"/>
    <property name="user.variant" value=""/>
    <property name="java.vendor.url" value="https://java.oracle.com/"/>
    <property name="user.timezone" value="Asia/Shanghai"/>
    <property name="os.name" value="Windows 10"/>
    <property name="java.vm.specification.version" value="15"/>
    <property name="sun.java.launcher" value="SUN_STANDARD"/>
    <property name="user.country" value="CN"/>
    <property name="sun.boot.library.path" value="D:\Java\jdk15\bin"/>
    <property name="sun.java.command" value="C:\Users\admin\AppData\Local\Temp\surefire13116400292068487474\surefirebooter15365545062009360928.jar C:\Users\admin\AppData\Local\Temp\surefire13116400292068487474 2021-10-06T09-06-05_223-jvmRun1 surefire14421204466229345804tmp surefire_05309531489533055834tmp"/>
    <property name="jdk.debug" value="release"/>
    <property name="surefire.test.class.path" value="D:\code\idea\HexoToTypecho_meven\target\test-classes;D:\code\idea\HexoToTypecho_meven\target\classes;D:\java\maven3\repository\junit\junit\4.11\junit-4.11.jar;D:\java\maven3\repository\org\hamcrest\hamcrest-core\1.3\hamcrest-core-1.3.jar;D:\java\maven3\repository\mysql\mysql-connector-java\8.0.23\mysql-connector-java-8.0.23.jar;D:\java\maven3\repository\com\google\protobuf\protobuf-java\3.11.4\protobuf-java-3.11.4.jar;D:\java\maven3\repository\c3p0\c3p0\0.9.1.2\c3p0-0.9.1.2.jar;"/>
    <property name="sun.cpu.endian" value="little"/>
    <property name="user.home" value="C:\Users\admin"/>
    <property name="user.language" value="zh"/>
    <property name="java.specification.vendor" value="Oracle Corporation"/>
    <property name="java.version.date" value="2021-01-19"/>
    <property name="java.home" value="D:\Java\jdk15"/>
    <property name="file.separator" value="\"/>
    <property name="basedir" value="D:\code\idea\HexoToTypecho_meven"/>
    <property name="java.vm.compressedOopsMode" value="Zero based"/>
    <property name="line.separator" value="&#10;"/>
    <property name="java.vm.specification.vendor" value="Oracle Corporation"/>
    <property name="java.specification.name" value="Java Platform API Specification"/>
    <property name="surefire.real.class.path" value="C:\Users\admin\AppData\Local\Temp\surefire13116400292068487474\surefirebooter15365545062009360928.jar"/>
    <property name="user.script" value=""/>
    <property name="sun.management.compiler" value="HotSpot 64-Bit Tiered Compilers"/>
    <property name="java.runtime.version" value="15.0.2+7-27"/>
    <property name="user.name" value="admin"/>
    <property name="path.separator" value=";"/>
    <property name="os.version" value="10.0"/>
    <property name="java.runtime.name" value="Java(TM) SE Runtime Environment"/>
    <property name="file.encoding" value="GBK"/>
    <property name="java.vm.name" value="Java HotSpot(TM) 64-Bit Server VM"/>
    <property name="localRepository" value="D:\java\maven3\repository"/>
    <property name="java.vendor.url.bug" value="https://bugreport.java.com/bugreport/"/>
    <property name="java.io.tmpdir" value="C:\Users\admin\AppData\Local\Temp\"/>
    <property name="idea.version" value="2020.3.4"/>
    <property name="java.version" value="15.0.2"/>
    <property name="user.dir" value="D:\code\idea\HexoToTypecho_meven"/>
    <property name="os.arch" value="amd64"/>
    <property name="java.vm.specification.name" value="Java Virtual Machine Specification"/>
    <property name="sun.os.patch.level" value=""/>
    <property name="java.library.path" value="D:\Java\jdk15\bin;C:\Windows\Sun\Java\bin;C:\Windows\system32;C:\Windows;C:\Windows\system32;C:\Windows;C:\Windows\System32\Wbem;C:\Windows\System32\WindowsPowerShell\v1.0\;C:\Windows\System32\OpenSSH\;C:\Program Files (x86)\NVIDIA Corporation\PhysX\Common;C:\Program Files\NVIDIA Corporation\NVIDIA NvDLISR;D:\java\jdk15\bin;D:\java\mysql8\bin;D:\java\tomcat9\bin;D:\programtools\Git\cmd;D:\web\nodejs;D:\web\nodejs\node-global;D:\python\python3.9;D:\programtools\xshell7\;D:\programtools\xftp7\;D:\java\maven3\bin;D:\python\python3.9\Scripts;D:\python\python3.9\Scripts\;D:\python\python3.9\;C:\Users\admin\AppData\Local\Microsoft\WindowsApps;D:\tools\download_change\;D:\tools\bandzip\;D:\ide\PyCharm 2021.2\bin;;."/>
    <property name="java.vm.info" value="mixed mode, sharing"/>
    <property name="java.vendor" value="Oracle Corporation"/>
    <property name="java.vm.version" value="15.0.2+7-27"/>
    <property name="sun.io.unicode.encoding" value="UnicodeLittle"/>
    <property name="maven.repo.local" value="D:\java\maven3\repository"/>
    <property name="java.class.version" value="59.0"/>
  </properties>
  <testcase name="shouldAnswerWithTrue" classname="org.example.AppTest" time="0.002"/>
</testsuite>